[debug] [2020-09-07T08:08:55.027Z] ----------------------------------------------------------------------
[debug] [2020-09-07T08:08:55.030Z] Command:       C:\Program Files\nodejs\node.exe C:\Users\naufa\AppData\Roaming\npm\node_modules\firebase-tools\lib\bin\firebase.js emulators:start --only firestore
[debug] [2020-09-07T08:08:55.030Z] CLI Version:   8.10.0
[debug] [2020-09-07T08:08:55.030Z] Platform:      win32
[debug] [2020-09-07T08:08:55.030Z] Node Version:  v12.18.3
[debug] [2020-09-07T08:08:55.032Z] Time:          Mon Sep 07 2020 15:08:55 GMT+0700 (Western Indonesia Time)
[debug] [2020-09-07T08:08:55.032Z] ----------------------------------------------------------------------
[debug] [2020-09-07T08:08:55.032Z] 
[debug] [2020-09-07T08:08:55.042Z] > command requires scopes: ["email","openid","https://www.googleapis.com/auth/cloudplatformprojects.readonly","https://www.googleapis.com/auth/firebase","https://www.googleapis.com/auth/cloud-platform"]
[debug] [2020-09-07T08:08:55.043Z] > authorizing via signed-in user
[info] i  emulators: Starting emulators: firestore {"metadata":{"emulator":{"name":"hub"},"message":"Starting emulators: firestore"}}
[debug] [2020-09-07T08:08:57.067Z] [hub] writing locator at C:\Users\naufa\AppData\Local\Temp\hub-cleanarchitecture-6c5e1.json
[warn] !  firestore: Did not find a Cloud Firestore rules file specified in a firebase.json config file. {"metadata":{"emulator":{"name":"firestore"},"message":"Did not find a Cloud Firestore rules file specified in a firebase.json config file."}}
[warn] !  firestore: The emulator will default to allowing all reads and writes. Learn more about this option: https://firebase.google.com/docs/emulator-suite/install_and_configure#security_rules_configuration. {"metadata":{"emulator":{"name":"firestore"},"message":"The emulator will default to allowing all reads and writes. Learn more about this option: https://firebase.google.com/docs/emulator-suite/install_and_configure#security_rules_configuration."}}
[debug] [2020-09-07T08:08:59.099Z] Ignoring unsupported arg: projectId {"metadata":{"emulator":{"name":"firestore"},"message":"Ignoring unsupported arg: projectId"}}
[debug] [2020-09-07T08:08:59.099Z] Ignoring unsupported arg: auto_download {"metadata":{"emulator":{"name":"firestore"},"message":"Ignoring unsupported arg: auto_download"}}
[debug] [2020-09-07T08:08:59.099Z] Starting Firestore Emulator with command {"binary":"java","args":["-Duser.language=en","-jar","C:\\Users\\naufa\\.cache\\firebase\\emulators\\cloud-firestore-emulator-v1.11.7.jar","--host","localhost","--port",8080],"optionalArgs":["port","webchannel_port","host","rules","functions_emulator","seed_from_export"],"joinArgs":false} {"metadata":{"emulator":{"name":"firestore"},"message":"Starting Firestore Emulator with command {\"binary\":\"java\",\"args\":[\"-Duser.language=en\",\"-jar\",\"C:\\\\Users\\\\naufa\\\\.cache\\\\firebase\\\\emulators\\\\cloud-firestore-emulator-v1.11.7.jar\",\"--host\",\"localhost\",\"--port\",8080],\"optionalArgs\":[\"port\",\"webchannel_port\",\"host\",\"rules\",\"functions_emulator\",\"seed_from_export\"],\"joinArgs\":false}"}}
[info] i  firestore: Firestore Emulator logging to firestore-debug.log {"metadata":{"emulator":{"name":"firestore"},"message":"Firestore Emulator logging to \u001b[1mfirestore-debug.log\u001b[22m"}}
[debug] [2020-09-07T08:09:01.129Z] API endpoint: http://localhost: {"metadata":{"emulator":{"name":"firestore"},"message":"API endpoint: http://localhost:"}}
[debug] [2020-09-07T08:09:01.130Z] 8080
If you are using a library that supports the FIRESTORE_EMULATOR_HOST environment variable, run:

   export FIRESTORE_EMULATOR_HOST=localhost:8080

Dev App Server is now running.

 {"metadata":{"emulator":{"name":"firestore"},"message":"8080\nIf you are using a library that supports the FIRESTORE_EMULATOR_HOST environment variable, run:\r\n\n   export FIRESTORE_EMULATOR_HOST=localhost:8080\n\nDev App Server is now running.\n\r\n"}}
[debug] [2020-09-07T08:09:05.378Z] Ignoring unsupported arg: auto_download {"metadata":{"emulator":{"name":"ui"},"message":"Ignoring unsupported arg: auto_download"}}
[debug] [2020-09-07T08:09:05.378Z] Ignoring unsupported arg: port {"metadata":{"emulator":{"name":"ui"},"message":"Ignoring unsupported arg: port"}}
[debug] [2020-09-07T08:09:05.378Z] Starting Emulator UI with command {"binary":"node","args":["C:\\Users\\naufa\\.cache\\firebase\\emulators\\ui-v1.1.1\\server.bundle.js"],"optionalArgs":[],"joinArgs":false} {"metadata":{"emulator":{"name":"ui"},"message":"Starting Emulator UI with command {\"binary\":\"node\",\"args\":[\"C:\\\\Users\\\\naufa\\\\.cache\\\\firebase\\\\emulators\\\\ui-v1.1.1\\\\server.bundle.js\"],\"optionalArgs\":[],\"joinArgs\":false}"}}
[info] i  ui: Emulator UI logging to ui-debug.log {"metadata":{"emulator":{"name":"ui"},"message":"Emulator UI logging to \u001b[1mui-debug.log\u001b[22m"}}
[debug] [2020-09-07T08:09:05.516Z] Web / API server started at http://localhost:4000
 {"metadata":{"emulator":{"name":"ui"},"message":"Web / API server started at http://localhost:4000\n"}}
[info] 
┌───────────────────────────────────────────────────────────────────────┐
│ ✔  All emulators ready! View status and logs at http://localhost:4000 │
└───────────────────────────────────────────────────────────────────────┘

┌───────────┬────────────────┬─────────────────────────────────┐
│ Emulator  │ Host:Port      │ View in Emulator UI             │
├───────────┼────────────────┼─────────────────────────────────┤
│ Firestore │ localhost:8080 │ http://localhost:4000/firestore │
└───────────┴────────────────┴─────────────────────────────────┘
  Other reserved ports: 4400, 4500

Issues? Report them at https://github.com/firebase/firebase-tools/issues and attach the *-debug.log files.
 
[debug] [2020-09-07T08:09:08.982Z] Sep 07, 2020 3:09:08 PM io.gapi.emulators.netty.HttpVersionRoutingHandler channelRead
INFO: Detected non-HTTP/2 connection.
 {"metadata":{"emulator":{"name":"firestore"},"message":"Sep 07, 2020 3:09:08 PM io.gapi.emulators.netty.HttpVersionRoutingHandler channelRead\r\nINFO: Detected non-HTTP/2 connection.\r\n"}}
[debug] [2020-09-07T08:09:09.255Z] Sep 07, 2020 3:09:09 PM io.gapi.emulators.netty.HttpVersionRoutingHandler channelRead
INFO: Detected HTTP/2 connection.
 {"metadata":{"emulator":{"name":"firestore"},"message":"Sep 07, 2020 3:09:09 PM io.gapi.emulators.netty.HttpVersionRoutingHandler channelRead\r\nINFO: Detected HTTP/2 connection.\r\n"}}
[debug] [2020-09-07T08:37:03.601Z] Sep 07, 2020 3:37:03 PM io.gapi.emulators.netty.HttpVersionRoutingHandler channelRead
INFO: Detected HTTP/2 connection.
 {"metadata":{"emulator":{"name":"firestore"},"message":"Sep 07, 2020 3:37:03 PM io.gapi.emulators.netty.HttpVersionRoutingHandler channelRead\r\nINFO: Detected HTTP/2 connection.\r\n"}}
[debug] [2020-09-07T08:37:03.675Z] Sep 07, 2020 3:37:03 PM com.google.cloud.datastore.emulator.impl.context.EmulatorAuthorization warnAboutSecuredJwt
WARNING: expected an unsecured JWT, the emulator does not validate JWTs and IS NOT SECURE
 {"metadata":{"emulator":{"name":"firestore"},"message":"Sep 07, 2020 3:37:03 PM com.google.cloud.datastore.emulator.impl.context.EmulatorAuthorization warnAboutSecuredJwt\r\nWARNING: expected an unsecured JWT, the emulator does not validate JWTs and IS NOT SECURE\r\n"}}
[debug] [2020-09-07T08:37:03.699Z] Sep 07, 2020 3:37:03 PM com.google.cloud.datastore.emulator.impl.context.EmulatorAuthorization warnAboutSecuredJwt
WARNING: expected an unsecured JWT, the emulator does not validate JWTs and IS NOT SECURE
 {"metadata":{"emulator":{"name":"firestore"},"message":"Sep 07, 2020 3:37:03 PM com.google.cloud.datastore.emulator.impl.context.EmulatorAuthorization warnAboutSecuredJwt\r\nWARNING: expected an unsecured JWT, the emulator does not validate JWTs and IS NOT SECURE\r\n"}}
[debug] [2020-09-07T08:37:04.089Z] Sep 07, 2020 3:37:04 PM com.google.cloud.datastore.emulator.impl.context.EmulatorAuthorization warnAboutSecuredJwt
WARNING: expected an unsecured JWT, the emulator does not validate JWTs and IS NOT SECURE
 {"metadata":{"emulator":{"name":"firestore"},"message":"Sep 07, 2020 3:37:04 PM com.google.cloud.datastore.emulator.impl.context.EmulatorAuthorization warnAboutSecuredJwt\r\nWARNING: expected an unsecured JWT, the emulator does not validate JWTs and IS NOT SECURE\r\n"}}
[debug] [2020-09-07T08:37:43.551Z] Sep 07, 2020 3:37:43 PM io.gapi.emulators.netty.HttpVersionRoutingHandler channelRead
INFO: Detected HTTP/2 connection.
 {"metadata":{"emulator":{"name":"firestore"},"message":"Sep 07, 2020 3:37:43 PM io.gapi.emulators.netty.HttpVersionRoutingHandler channelRead\r\nINFO: Detected HTTP/2 connection.\r\n"}}
[debug] [2020-09-07T08:37:43.603Z] Sep 07, 2020 3:37:43 PM com.google.cloud.datastore.emulator.impl.context.EmulatorAuthorization warnAboutSecuredJwt
WARNING: expected an unsecured JWT, the emulator does not validate JWTs and IS NOT SECURE
 {"metadata":{"emulator":{"name":"firestore"},"message":"Sep 07, 2020 3:37:43 PM com.google.cloud.datastore.emulator.impl.context.EmulatorAuthorization warnAboutSecuredJwt\r\nWARNING: expected an unsecured JWT, the emulator does not validate JWTs and IS NOT SECURE\r\n"}}
[debug] [2020-09-07T08:37:43.641Z] Sep 07, 2020 3:37:43 PM com.google.cloud.datastore.emulator.impl.context.EmulatorAuthorization warnAboutSecuredJwt
WARNING: expected an unsecured JWT, the emulator does not validate JWTs and IS NOT SECURE
 {"metadata":{"emulator":{"name":"firestore"},"message":"Sep 07, 2020 3:37:43 PM com.google.cloud.datastore.emulator.impl.context.EmulatorAuthorization warnAboutSecuredJwt\r\nWARNING: expected an unsecured JWT, the emulator does not validate JWTs and IS NOT SECURE\r\n"}}
[debug] [2020-09-07T08:39:00.652Z] Sep 07, 2020 3:39:00 PM io.gapi.emulators.netty.HttpVersionRoutingHandler channelRead
INFO: Detected HTTP/2 connection.
 {"metadata":{"emulator":{"name":"firestore"},"message":"Sep 07, 2020 3:39:00 PM io.gapi.emulators.netty.HttpVersionRoutingHandler channelRead\r\nINFO: Detected HTTP/2 connection.\r\n"}}
[debug] [2020-09-07T08:39:00.722Z] Sep 07, 2020 3:39:00 PM com.google.cloud.datastore.emulator.impl.context.EmulatorAuthorization warnAboutSecuredJwt
WARNING: expected an unsecured JWT, the emulator does not validate JWTs and IS NOT SECURE
 {"metadata":{"emulator":{"name":"firestore"},"message":"Sep 07, 2020 3:39:00 PM com.google.cloud.datastore.emulator.impl.context.EmulatorAuthorization warnAboutSecuredJwt\r\nWARNING: expected an unsecured JWT, the emulator does not validate JWTs and IS NOT SECURE\r\n"}}
[debug] [2020-09-07T08:39:00.767Z] Sep 07, 2020 3:39:00 PM com.google.cloud.datastore.emulator.impl.context.EmulatorAuthorization warnAboutSecuredJwt
WARNING: expected an unsecured JWT, the emulator does not validate JWTs and IS NOT SECURE
 {"metadata":{"emulator":{"name":"firestore"},"message":"Sep 07, 2020 3:39:00 PM com.google.cloud.datastore.emulator.impl.context.EmulatorAuthorization warnAboutSecuredJwt\r\nWARNING: expected an unsecured JWT, the emulator does not validate JWTs and IS NOT SECURE\r\n"}}
[debug] [2020-09-07T08:40:14.918Z] Sep 07, 2020 3:40:14 PM io.gapi.emulators.netty.HttpVersionRoutingHandler channelRead
INFO: Detected HTTP/2 connection.
 {"metadata":{"emulator":{"name":"firestore"},"message":"Sep 07, 2020 3:40:14 PM io.gapi.emulators.netty.HttpVersionRoutingHandler channelRead\r\nINFO: Detected HTTP/2 connection.\r\n"}}
[debug] [2020-09-07T08:40:14.981Z] Sep 07, 2020 3:40:14 PM com.google.cloud.datastore.emulator.impl.context.EmulatorAuthorization warnAboutSecuredJwt
WARNING: expected an unsecured JWT, the emulator does not validate JWTs and IS NOT SECURE
 {"metadata":{"emulator":{"name":"firestore"},"message":"Sep 07, 2020 3:40:14 PM com.google.cloud.datastore.emulator.impl.context.EmulatorAuthorization warnAboutSecuredJwt\r\nWARNING: expected an unsecured JWT, the emulator does not validate JWTs and IS NOT SECURE\r\n"}}
[debug] [2020-09-07T08:40:15.032Z] Sep 07, 2020 3:40:15 PM com.google.cloud.datastore.emulator.impl.context.EmulatorAuthorization warnAboutSecuredJwt
WARNING: expected an unsecured JWT, the emulator does not validate JWTs and IS NOT SECURE
 {"metadata":{"emulator":{"name":"firestore"},"message":"Sep 07, 2020 3:40:15 PM com.google.cloud.datastore.emulator.impl.context.EmulatorAuthorization warnAboutSecuredJwt\r\nWARNING: expected an unsecured JWT, the emulator does not validate JWTs and IS NOT SECURE\r\n"}}
[debug] [2020-09-07T08:40:38.291Z] Sep 07, 2020 3:40:38 PM io.gapi.emulators.netty.HttpVersionRoutingHandler channelRead
INFO: Detected non-HTTP/2 connection.
 {"metadata":{"emulator":{"name":"firestore"},"message":"Sep 07, 2020 3:40:38 PM io.gapi.emulators.netty.HttpVersionRoutingHandler channelRead\r\nINFO: Detected non-HTTP/2 connection.\r\n"}}
[debug] [2020-09-07T08:40:38.327Z] Sep 07, 2020 3:40:38 PM io.gapi.emulators.netty.HttpVersionRoutingHandler channelRead
INFO: Detected HTTP/2 connection.
 {"metadata":{"emulator":{"name":"firestore"},"message":"Sep 07, 2020 3:40:38 PM io.gapi.emulators.netty.HttpVersionRoutingHandler channelRead\r\nINFO: Detected HTTP/2 connection.\r\n"}}
[debug] [2020-09-07T08:41:24.896Z] Sep 07, 2020 3:41:24 PM io.gapi.emulators.netty.HttpVersionRoutingHandler channelRead
INFO: Detected HTTP/2 connection.
 {"metadata":{"emulator":{"name":"firestore"},"message":"Sep 07, 2020 3:41:24 PM io.gapi.emulators.netty.HttpVersionRoutingHandler channelRead\r\nINFO: Detected HTTP/2 connection.\r\n"}}
[debug] [2020-09-07T08:41:24.937Z] Sep 07, 2020 3:41:24 PM com.google.cloud.datastore.emulator.impl.context.EmulatorAuthorization warnAboutSecuredJwt
WARNING: expected an unsecured JWT, the emulator does not validate JWTs and IS NOT SECURE
 {"metadata":{"emulator":{"name":"firestore"},"message":"Sep 07, 2020 3:41:24 PM com.google.cloud.datastore.emulator.impl.context.EmulatorAuthorization warnAboutSecuredJwt\r\nWARNING: expected an unsecured JWT, the emulator does not validate JWTs and IS NOT SECURE\r\n"}}
[debug] [2020-09-07T08:41:24.975Z] Sep 07, 2020 3:41:24 PM com.google.cloud.datastore.emulator.impl.context.EmulatorAuthorization warnAboutSecuredJwt
WARNING: expected an unsecured JWT, the emulator does not validate JWTs and IS NOT SECURE
 {"metadata":{"emulator":{"name":"firestore"},"message":"Sep 07, 2020 3:41:24 PM com.google.cloud.datastore.emulator.impl.context.EmulatorAuthorization warnAboutSecuredJwt\r\nWARNING: expected an unsecured JWT, the emulator does not validate JWTs and IS NOT SECURE\r\n"}}
